{
  "stats": {
    "suites": 1,
    "tests": 15,
    "passes": 14,
    "pending": 0,
    "failures": 1,
    "start": "2023-06-23T05:33:36.638Z",
    "end": "2023-06-23T05:33:51.667Z",
    "duration": 15029,
    "testsRegistered": 15,
    "passPercent": 93.33333333333333,
    "pendingPercent": 0,
    "other": 0,
    "hasOther": false,
    "skipped": 0,
    "hasSkipped": false
  },
  "results": [
    {
      "uuid": "c1a6ac37-4d13-4b93-9219-bf77d456f125",
      "title": "",
      "fullFile": "cypress/e2e/smokeTest/landingpageTest/landingpageTest.spec.js",
      "file": "cypress/e2e/smokeTest/landingpageTest/landingpageTest.spec.js",
      "beforeHooks": [],
      "afterHooks": [],
      "tests": [],
      "suites": [
        {
          "uuid": "c8f40d01-6a9a-42da-8af9-141cb9a3dabd",
          "title": "Verify 'Landing' page functionalities",
          "fullFile": "",
          "file": "",
          "beforeHooks": [],
          "afterHooks": [],
          "tests": [
            {
              "title": "Verify 'Home' button on landing page redirected to 'Home' page",
              "fullTitle": "Verify 'Landing' page functionalities Verify 'Home' button on landing page redirected to 'Home' page",
              "timedOut": null,
              "duration": 571,
              "state": "passed",
              "speed": "fast",
              "pass": true,
              "fail": false,
              "pending": false,
              "context": null,
              "code": "//1. Go to Tamice.com\ncy.visit(Cypress.env(\"url\"));\n//2. Click Home button from the navigation bar\ncy.contains(\"Home\").click({\n  force: true\n}).should(\"have.text\", \"Home\");\n//3. Verify Home button on landing page redirect to Home page\ncy.xpath(\"//body/div[@id='root']/div[1]/div[5]/div[1]\").contains(\"Must See in New York\");",
              "err": {},
              "uuid": "87ebb0ca-96ca-4779-b450-f0bf417c676a",
              "parentUUID": "c8f40d01-6a9a-42da-8af9-141cb9a3dabd",
              "isHook": false,
              "skipped": false
            },
            {
              "title": "Verify 'NY Big Apple Pass' button on landing page redirected to 'NY Big Apple Pass' page",
              "fullTitle": "Verify 'Landing' page functionalities Verify 'NY Big Apple Pass' button on landing page redirected to 'NY Big Apple Pass' page",
              "timedOut": null,
              "duration": 347,
              "state": "passed",
              "speed": "fast",
              "pass": true,
              "fail": false,
              "pending": false,
              "context": null,
              "code": "//1. Go to Tamice.com\ncy.visit(Cypress.env(\"url\"));\n//2. Hover over \"Package Tour\" button\ncy.contains(\"Package Tour\").invoke(\"show\");\n// get first li from the hidden box\ncy.get(\"li\").contains(\"NY Big Apple Pass\").click({\n  force: true\n});\n//4. Verify NY Big Apple Pass button on landing page redirect to NY Big Apple Pass page\ncy.xpath(\"//body/div[@id='root']/div[1]/div[4]/div[1]/div[4]/div[1]/span[1]\").contains(\"Big Apple Pass\");",
              "err": {},
              "uuid": "e897adde-b570-4afb-bf2a-5ab8a50b4c3e",
              "parentUUID": "c8f40d01-6a9a-42da-8af9-141cb9a3dabd",
              "isHook": false,
              "skipped": false
            },
            {
              "title": "Verify 'Observation' button on landing page redirected to 'Observation' page",
              "fullTitle": "Verify 'Landing' page functionalities Verify 'Observation' button on landing page redirected to 'Observation' page",
              "timedOut": null,
              "duration": 387,
              "state": "passed",
              "speed": "fast",
              "pass": true,
              "fail": false,
              "pending": false,
              "context": null,
              "code": "//1. Go to Tamice.com\ncy.visit(Cypress.env(\"url\"));\n//2. Hover over \"City Attractions\" button\ncy.contains(\"City Attractions\").invoke(\"show\");\n//3. Click \"Observations\" button\ncy.get(\"li\").contains(\"Observation(Scenics)\").click({\n  force: true\n});\n//4. Verify Observations button on landing page redirect to NY Big Apple Pass page\ncy.xpath(\"//body/div[@id='root']/div[1]/div[4]/div[1]/div[4]/div[1]/span[1]\").contains(\"Scenics\");",
              "err": {},
              "uuid": "17a55545-4f58-44c6-a85f-103ca8c715a7",
              "parentUUID": "c8f40d01-6a9a-42da-8af9-141cb9a3dabd",
              "isHook": false,
              "skipped": false
            },
            {
              "title": "Verify 'Musicals & Shows' button on landing page redirected to 'Musicals & Shows' page",
              "fullTitle": "Verify 'Landing' page functionalities Verify 'Musicals & Shows' button on landing page redirected to 'Musicals & Shows' page",
              "timedOut": null,
              "duration": 272,
              "state": "passed",
              "speed": "fast",
              "pass": true,
              "fail": false,
              "pending": false,
              "context": null,
              "code": "//1. Go to Tamice.com\ncy.visit(Cypress.env(\"url\"));\n//2. Click \"Musicals & Shows\"\ncy.contains(\"Musicals & Shows\").click({\n  force: true\n});\n//3. Verify Observations button on landing page redirect to NY Big Apple Pass page\ncy.xpath(\"//body/div[@id='root']/div[1]/div[4]/div[1]/div[4]/div[1]/span[1]\").contains(\"Broadway Musicals / Shows\");",
              "err": {},
              "uuid": "8d64a607-29d0-4ff9-8c68-cf11706b8e4f",
              "parentUUID": "c8f40d01-6a9a-42da-8af9-141cb9a3dabd",
              "isHook": false,
              "skipped": false
            },
            {
              "title": "Verify '여행정보' button on landing page redirected to '여행정보' page",
              "fullTitle": "Verify 'Landing' page functionalities Verify '여행정보' button on landing page redirected to '여행정보' page",
              "timedOut": null,
              "duration": 305,
              "state": "passed",
              "speed": "fast",
              "pass": true,
              "fail": false,
              "pending": false,
              "context": null,
              "code": "// 1. Go to Tamice.com\ncy.visit(Cypress.env(\"url\"));\n// 2. Click '여행정보' button\ncy.xpath(\"//body/div[@id='root']/div[1]/div[2]/div[2]/div[2]\").contains(\"여행정보\").click();\n// 3. Verify user able to land \"여행정보\" page\n/** Wait until 여행정보 page */\n// cy.url().should(\"include\", \"/여행정보\");",
              "err": {},
              "uuid": "2d5fd204-0338-478f-92dd-877b481af7bd",
              "parentUUID": "c8f40d01-6a9a-42da-8af9-141cb9a3dabd",
              "isHook": false,
              "skipped": false
            },
            {
              "title": "Verify 'About Us' button on landing page redirected to 'About Us' page",
              "fullTitle": "Verify 'Landing' page functionalities Verify 'About Us' button on landing page redirected to 'About Us' page",
              "timedOut": null,
              "duration": 299,
              "state": "passed",
              "speed": "fast",
              "pass": true,
              "fail": false,
              "pending": false,
              "context": null,
              "code": "//1. Go to Tamice.com\ncy.visit(Cypress.env(\"url\"));\n//2. Click \"About Us\"\ncy.contains(\"About Us\").click();\n//3. Verify Observations button on landing page redirect to NY Big Apple Pass page\ncy.xpath(\"//body/div[@id='root']/div[1]/div[4]/div[1]/div[2]\").contains(\"Why Tour With Us?\");",
              "err": {},
              "uuid": "b3e3bc74-8b51-47e6-a2db-b3dc45e5fc1d",
              "parentUUID": "c8f40d01-6a9a-42da-8af9-141cb9a3dabd",
              "isHook": false,
              "skipped": false
            },
            {
              "title": "Verify 'Guide Tour' button on landing page redirected to 'Guide Tour' page",
              "fullTitle": "Verify 'Landing' page functionalities Verify 'Guide Tour' button on landing page redirected to 'Guide Tour' page",
              "timedOut": null,
              "duration": 321,
              "state": "passed",
              "speed": "fast",
              "pass": true,
              "fail": false,
              "pending": false,
              "context": null,
              "code": "//1. Go to Tamice.com\ncy.visit(Cypress.env(\"url\"));\n//2. Hover over \"Guid Tour\"\ncy.contains(\"Guide Tour\").invoke(\"show\");\n// cy.xpath(\"/html[1]/body[1]/div[1]/div[1]/div[1]/div[2]/div[2]/button[4]\")\n//   .contains(\"Manhattan Day Tour\")\n//   .click({\n//     force: true,\n//   });\n//3. Click \"Manhattan Day Tour\" button\ncy.get(\"li\").contains(\"Manhattan Day Tour\").click({\n  force: true\n});\n//4. Verify Observations button on landing page redirect to NY Big Apple Pass page\ncy.xpath(\"//body/div[@id='root']/div[1]/div[4]/div[1]/div[4]/div[1]/span[1]\").contains(\"Manhattan day\");",
              "err": {},
              "uuid": "161c3ac5-bb33-4dbe-a5f4-ce2d89120e5b",
              "parentUUID": "c8f40d01-6a9a-42da-8af9-141cb9a3dabd",
              "isHook": false,
              "skipped": false
            },
            {
              "title": "Verify 'Cart' button on landing page redirected to 'Cart' page",
              "fullTitle": "Verify 'Landing' page functionalities Verify 'Cart' button on landing page redirected to 'Cart' page",
              "timedOut": null,
              "duration": 327,
              "state": "passed",
              "speed": "fast",
              "pass": true,
              "fail": false,
              "pending": false,
              "context": null,
              "code": "//1. Go to Tamice.com\ncy.visit(Cypress.env(\"url\"));\n//2. Click 'Cart' button\ncy.contains(\"Cart\").click();\n//3. Verify user redirected to 'Cart'page\ncy.url().should(\"include\", \"/cart\");",
              "err": {},
              "uuid": "9bbc0865-c7d0-4606-8839-af59eab40718",
              "parentUUID": "c8f40d01-6a9a-42da-8af9-141cb9a3dabd",
              "isHook": false,
              "skipped": false
            },
            {
              "title": "Verify 'Login' button on landing page redirected to 'Login' page",
              "fullTitle": "Verify 'Landing' page functionalities Verify 'Login' button on landing page redirected to 'Login' page",
              "timedOut": null,
              "duration": 434,
              "state": "passed",
              "speed": "fast",
              "pass": true,
              "fail": false,
              "pending": false,
              "context": null,
              "code": "//1. Go to Tamice.com\ncy.visit(Cypress.env(\"url\"));\n//2. Click 'Login' button\ncy.contains(\"Login\").click();\n//3. Verify user redirected to 'Login'page\ncy.url().should(\"include\", \"user/log-in\");",
              "err": {},
              "uuid": "b4e51d3e-c050-419d-9f0d-33670edf1dc2",
              "parentUUID": "c8f40d01-6a9a-42da-8af9-141cb9a3dabd",
              "isHook": false,
              "skipped": false
            },
            {
              "title": "Verify 'Sign Up' button on landing page redirected to 'Sign Up' page",
              "fullTitle": "Verify 'Landing' page functionalities Verify 'Sign Up' button on landing page redirected to 'Sign Up' page",
              "timedOut": null,
              "duration": 265,
              "state": "passed",
              "speed": "fast",
              "pass": true,
              "fail": false,
              "pending": false,
              "context": null,
              "code": "//1. Go to Tamice.com\ncy.visit(Cypress.env(\"url\"));\n//2. Click 'Sign up' button\ncy.contains(\"Sign Up\").click();\n//3. Verify user redirected to 'Sign up'page\ncy.url().should(\"include\", \"user/sign-up\");",
              "err": {},
              "uuid": "b4863f2b-06fc-4e7f-8b69-fa9c76b01780",
              "parentUUID": "c8f40d01-6a9a-42da-8af9-141cb9a3dabd",
              "isHook": false,
              "skipped": false
            },
            {
              "title": "Verify 'Logo' button on landing page redirected to 'Logo' page",
              "fullTitle": "Verify 'Landing' page functionalities Verify 'Logo' button on landing page redirected to 'Logo' page",
              "timedOut": null,
              "duration": 252,
              "state": "passed",
              "speed": "fast",
              "pass": true,
              "fail": false,
              "pending": false,
              "context": null,
              "code": "//1. Go to Tamice.com\ncy.visit(Cypress.env(\"url\"));\n//2. Click Tamice.com logo button\ncy.get(\"img[alt='Tamice logo']\").first().click({\n  force: true\n});\n//3. Verify user redirected to 'Sign up'page\ncy.url().should(\"eq\", \"https://thernlovendev.github.io/ticket-site/#/\");",
              "err": {},
              "uuid": "17f8b477-fc63-426e-8d7f-c4ea8c9015dc",
              "parentUUID": "c8f40d01-6a9a-42da-8af9-141cb9a3dabd",
              "isHook": false,
              "skipped": false
            },
            {
              "title": "Verify 'Contact Us' button on navigation page redirected to 'Contact Us' page",
              "fullTitle": "Verify 'Landing' page functionalities Verify 'Contact Us' button on navigation page redirected to 'Contact Us' page",
              "timedOut": null,
              "duration": 387,
              "state": "passed",
              "speed": "fast",
              "pass": true,
              "fail": false,
              "pending": false,
              "context": null,
              "code": "//1. Go to Tamice.com\ncy.visit(Cypress.env(\"url\"));\n//2. Click \"Contact Us\"\ncy.contains(\"Contact Us\").click();\n//3. Verify Observations button on landing page redirect to NY Big Apple Pass page\ncy.xpath(\"//body/div[@id='root']/div[1]/div[4]/div[1]/div[2]\").contains(\"Contact Us\");\ncy.url().should(\"include\", \"/contact\");",
              "err": {},
              "uuid": "2f0e0504-eddc-4308-9e0a-c6cf2fa20249",
              "parentUUID": "c8f40d01-6a9a-42da-8af9-141cb9a3dabd",
              "isHook": false,
              "skipped": false
            },
            {
              "title": "Verify user able to land 'My Bookings' page after click 'My booking' button under 'My Account' list",
              "fullTitle": "Verify 'Landing' page functionalities Verify user able to land 'My Bookings' page after click 'My booking' button under 'My Account' list",
              "timedOut": null,
              "duration": 8835,
              "state": "failed",
              "speed": null,
              "pass": false,
              "fail": true,
              "pending": false,
              "context": null,
              "code": "// 1. Go to Tamice.com\ncy.visit(Cypress.env(\"url\"));\n// 2. Click human icon\ncy.get(\"img[alt='/ticket-site/assets/icons/profile.svg']\").click();\n// 3. Click 'My booking' button under 'My Account' list\ncy.xpath(\"//body/div[@id='root']/div[1]/div[2]/div[2]/div[1]/div[1]/div[1]\").contains(\"My Bookings\").click();\n// 4. Verify user able to land 'My Bookings' page after click 'My Booking' button under 'My Account' lists\ncy.url().should(\"include\", \"/user/my-bookings\");",
              "err": {
                "message": "AssertionError: Timed out retrying after 8000ms: expected 'https://thernlovendev.github.io/ticket-site/#/my-bookings' to include '/user/my-bookings'",
                "estack": "AssertionError: Timed out retrying after 8000ms: expected 'https://thernlovendev.github.io/ticket-site/#/my-bookings' to include '/user/my-bookings'\n    at Context.eval (webpack:///./cypress/e2e/smokeTest/landingpageTest/landingpageTest.spec.js:169:13)",
                "diff": null
              },
              "uuid": "d4e0ada9-43c7-4754-967a-a27276b90457",
              "parentUUID": "c8f40d01-6a9a-42da-8af9-141cb9a3dabd",
              "isHook": false,
              "skipped": false
            },
            {
              "title": "Verify user able to land 'My Account' page after click 'My Account' button",
              "fullTitle": "Verify 'Landing' page functionalities Verify user able to land 'My Account' page after click 'My Account' button",
              "timedOut": null,
              "duration": 573,
              "state": "passed",
              "speed": "fast",
              "pass": true,
              "fail": false,
              "pending": false,
              "context": null,
              "code": "// 1. Go to Tamice.com\ncy.visit(Cypress.env(\"url\"));\n// 2. Click human icon\ncy.get(\"img[alt='/ticket-site/assets/icons/profile.svg']\").click();\n// 3. Click 'My booking' button under 'My Account' list\ncy.xpath(\"//body/div[@id='root']/div[1]/div[2]/div[2]/div[1]/div[1]/div[1]\").contains(\"My Account\").click();\n// 4. Verify user able to land 'My Account' page after click 'My Account' link\ncy.url().should(\"include\", \"/user/my-account\");",
              "err": {},
              "uuid": "cf74952e-37be-4aec-b8e4-0f342689b505",
              "parentUUID": "c8f40d01-6a9a-42da-8af9-141cb9a3dabd",
              "isHook": false,
              "skipped": false
            },
            {
              "title": "Verify sign out functionality",
              "fullTitle": "Verify 'Landing' page functionalities Verify sign out functionality",
              "timedOut": null,
              "duration": 54,
              "state": "passed",
              "speed": "fast",
              "pass": true,
              "fail": false,
              "pending": false,
              "context": null,
              "code": "// 1. Go to Tamice.com\n// 2. Click 'Login/Sign up' button\n// 3. Type valid credential\n// 4. Click 'Login' button\n// 5. Click human icon button\n// 6. Click 'Sign out' button s",
              "err": {},
              "uuid": "cf4239c0-e24d-4e14-8261-dc31a8fdeddc",
              "parentUUID": "c8f40d01-6a9a-42da-8af9-141cb9a3dabd",
              "isHook": false,
              "skipped": false
            }
          ],
          "suites": [],
          "passes": [
            "87ebb0ca-96ca-4779-b450-f0bf417c676a",
            "e897adde-b570-4afb-bf2a-5ab8a50b4c3e",
            "17a55545-4f58-44c6-a85f-103ca8c715a7",
            "8d64a607-29d0-4ff9-8c68-cf11706b8e4f",
            "2d5fd204-0338-478f-92dd-877b481af7bd",
            "b3e3bc74-8b51-47e6-a2db-b3dc45e5fc1d",
            "161c3ac5-bb33-4dbe-a5f4-ce2d89120e5b",
            "9bbc0865-c7d0-4606-8839-af59eab40718",
            "b4e51d3e-c050-419d-9f0d-33670edf1dc2",
            "b4863f2b-06fc-4e7f-8b69-fa9c76b01780",
            "17f8b477-fc63-426e-8d7f-c4ea8c9015dc",
            "2f0e0504-eddc-4308-9e0a-c6cf2fa20249",
            "cf74952e-37be-4aec-b8e4-0f342689b505",
            "cf4239c0-e24d-4e14-8261-dc31a8fdeddc"
          ],
          "failures": [
            "d4e0ada9-43c7-4754-967a-a27276b90457"
          ],
          "pending": [],
          "skipped": [],
          "duration": 13629,
          "root": false,
          "rootEmpty": false,
          "_timeout": 2000
        }
      ],
      "passes": [],
      "failures": [],
      "pending": [],
      "skipped": [],
      "duration": 0,
      "root": true,
      "rootEmpty": true,
      "_timeout": 2000
    }
  ],
  "meta": {
    "mocha": {
      "version": "7.0.1"
    },
    "mochawesome": {
      "options": {
        "quiet": false,
        "reportFilename": "[status]_[datetime]_[name]-report",
        "saveHtml": false,
        "saveJson": true,
        "consoleReporter": "spec",
        "useInlineDiffs": false,
        "code": true
      },
      "version": "7.1.3"
    },
    "marge": {
      "options": {
        "code": true,
        "charts": true,
        "reportDir": "cypress/report/mochawesome-report",
        "reportFilename": "[status]_[datetime]_[name]-report",
        "timestamp": "m/d/yyyy/hTT",
        "overwrite": false,
        "html": false,
        "json": true
      },
      "version": "6.2.0"
    }
  }
}