{
  "stats": {
    "suites": 1,
    "tests": 15,
    "passes": 15,
    "pending": 0,
    "failures": 0,
    "start": "2023-06-23T05:40:16.807Z",
    "end": "2023-06-23T05:40:23.276Z",
    "duration": 6469,
    "testsRegistered": 15,
    "passPercent": 100,
    "pendingPercent": 0,
    "other": 0,
    "hasOther": false,
    "skipped": 0,
    "hasSkipped": false
  },
  "results": [
    {
      "uuid": "43b602e4-fba8-4590-9045-e8f99c20ec55",
      "title": "",
      "fullFile": "cypress/e2e/smokeTest/landingpageTest/landingpageTest.spec.js",
      "file": "cypress/e2e/smokeTest/landingpageTest/landingpageTest.spec.js",
      "beforeHooks": [],
      "afterHooks": [],
      "tests": [],
      "suites": [
        {
          "uuid": "7a358ca7-4e17-4e0f-a936-754dcc4a55aa",
          "title": "Verify 'Landing' page functionalities",
          "fullFile": "",
          "file": "",
          "beforeHooks": [],
          "afterHooks": [],
          "tests": [
            {
              "title": "Verify 'Home' button on landing page redirected to 'Home' page",
              "fullTitle": "Verify 'Landing' page functionalities Verify 'Home' button on landing page redirected to 'Home' page",
              "timedOut": null,
              "duration": 546,
              "state": "passed",
              "speed": "fast",
              "pass": true,
              "fail": false,
              "pending": false,
              "context": null,
              "code": "//1. Go to Tamice.com\ncy.visit(Cypress.env(\"url\"));\n//2. Click Home button from the navigation bar\ncy.contains(\"Home\").click({\n  force: true\n}).should(\"have.text\", \"Home\");\n//3. Verify Home button on landing page redirect to Home page\ncy.xpath(\"//body/div[@id='root']/div[1]/div[5]/div[1]\").contains(\"Must See in New York\");",
              "err": {},
              "uuid": "fe8cb370-0fd7-479a-be5b-1ef2d1ed7123",
              "parentUUID": "7a358ca7-4e17-4e0f-a936-754dcc4a55aa",
              "isHook": false,
              "skipped": false
            },
            {
              "title": "Verify 'NY Big Apple Pass' button on landing page redirected to 'NY Big Apple Pass' page",
              "fullTitle": "Verify 'Landing' page functionalities Verify 'NY Big Apple Pass' button on landing page redirected to 'NY Big Apple Pass' page",
              "timedOut": null,
              "duration": 357,
              "state": "passed",
              "speed": "fast",
              "pass": true,
              "fail": false,
              "pending": false,
              "context": null,
              "code": "//1. Go to Tamice.com\ncy.visit(Cypress.env(\"url\"));\n//2. Hover over \"Package Tour\" button\ncy.contains(\"Package Tour\").invoke(\"show\");\n// get first li from the hidden box\ncy.get(\"li\").contains(\"NY Big Apple Pass\").click({\n  force: true\n});\n//4. Verify NY Big Apple Pass button on landing page redirect to NY Big Apple Pass page\ncy.xpath(\"//body/div[@id='root']/div[1]/div[4]/div[1]/div[4]/div[1]/span[1]\").contains(\"Big Apple Pass\");",
              "err": {},
              "uuid": "13682592-49e2-44fb-806c-0a6f07fbdc4b",
              "parentUUID": "7a358ca7-4e17-4e0f-a936-754dcc4a55aa",
              "isHook": false,
              "skipped": false
            },
            {
              "title": "Verify 'Observation' button on landing page redirected to 'Observation' page",
              "fullTitle": "Verify 'Landing' page functionalities Verify 'Observation' button on landing page redirected to 'Observation' page",
              "timedOut": null,
              "duration": 370,
              "state": "passed",
              "speed": "fast",
              "pass": true,
              "fail": false,
              "pending": false,
              "context": null,
              "code": "//1. Go to Tamice.com\ncy.visit(Cypress.env(\"url\"));\n//2. Hover over \"City Attractions\" button\ncy.contains(\"City Attractions\").invoke(\"show\");\n//3. Click \"Observations\" button\ncy.get(\"li\").contains(\"Observation(Scenics)\").click({\n  force: true\n});\n//4. Verify Observations button on landing page redirect to NY Big Apple Pass page\ncy.xpath(\"//body/div[@id='root']/div[1]/div[4]/div[1]/div[4]/div[1]/span[1]\").contains(\"Scenics\");",
              "err": {},
              "uuid": "c53c32b4-6e62-4869-ae6a-c4473fff62b8",
              "parentUUID": "7a358ca7-4e17-4e0f-a936-754dcc4a55aa",
              "isHook": false,
              "skipped": false
            },
            {
              "title": "Verify 'Musicals & Shows' button on landing page redirected to 'Musicals & Shows' page",
              "fullTitle": "Verify 'Landing' page functionalities Verify 'Musicals & Shows' button on landing page redirected to 'Musicals & Shows' page",
              "timedOut": null,
              "duration": 302,
              "state": "passed",
              "speed": "fast",
              "pass": true,
              "fail": false,
              "pending": false,
              "context": null,
              "code": "//1. Go to Tamice.com\ncy.visit(Cypress.env(\"url\"));\n//2. Click \"Musicals & Shows\"\ncy.contains(\"Musicals & Shows\").click({\n  force: true\n});\n//3. Verify Observations button on landing page redirect to NY Big Apple Pass page\ncy.xpath(\"//body/div[@id='root']/div[1]/div[4]/div[1]/div[4]/div[1]/span[1]\").contains(\"Broadway Musicals / Shows\");",
              "err": {},
              "uuid": "728d1a60-79bc-457b-9ca5-4d0951699265",
              "parentUUID": "7a358ca7-4e17-4e0f-a936-754dcc4a55aa",
              "isHook": false,
              "skipped": false
            },
            {
              "title": "Verify '여행정보' button on landing page redirected to '여행정보' page",
              "fullTitle": "Verify 'Landing' page functionalities Verify '여행정보' button on landing page redirected to '여행정보' page",
              "timedOut": null,
              "duration": 430,
              "state": "passed",
              "speed": "fast",
              "pass": true,
              "fail": false,
              "pending": false,
              "context": null,
              "code": "// 1. Go to Tamice.com\ncy.visit(Cypress.env(\"url\"));\n// 2. Click '여행정보' button\ncy.xpath(\"//body/div[@id='root']/div[1]/div[2]/div[2]/div[2]\").contains(\"여행정보\").click();\n// 3. Verify user able to land \"여행정보\" page\n/** Wait until 여행정보 page */\n// cy.url().should(\"include\", \"/여행정보\");",
              "err": {},
              "uuid": "d1788e30-ab10-4f66-ad04-4c3d83bf6595",
              "parentUUID": "7a358ca7-4e17-4e0f-a936-754dcc4a55aa",
              "isHook": false,
              "skipped": false
            },
            {
              "title": "Verify 'About Us' button on landing page redirected to 'About Us' page",
              "fullTitle": "Verify 'Landing' page functionalities Verify 'About Us' button on landing page redirected to 'About Us' page",
              "timedOut": null,
              "duration": 344,
              "state": "passed",
              "speed": "fast",
              "pass": true,
              "fail": false,
              "pending": false,
              "context": null,
              "code": "//1. Go to Tamice.com\ncy.visit(Cypress.env(\"url\"));\n//2. Click \"About Us\"\ncy.contains(\"About Us\").click();\n//3. Verify Observations button on landing page redirect to NY Big Apple Pass page\ncy.xpath(\"//body/div[@id='root']/div[1]/div[4]/div[1]/div[2]\").contains(\"Why Tour With Us?\");",
              "err": {},
              "uuid": "0e2635d2-0c52-4340-9c9e-bcb906f60b25",
              "parentUUID": "7a358ca7-4e17-4e0f-a936-754dcc4a55aa",
              "isHook": false,
              "skipped": false
            },
            {
              "title": "Verify 'Guide Tour' button on landing page redirected to 'Guide Tour' page",
              "fullTitle": "Verify 'Landing' page functionalities Verify 'Guide Tour' button on landing page redirected to 'Guide Tour' page",
              "timedOut": null,
              "duration": 333,
              "state": "passed",
              "speed": "fast",
              "pass": true,
              "fail": false,
              "pending": false,
              "context": null,
              "code": "//1. Go to Tamice.com\ncy.visit(Cypress.env(\"url\"));\n//2. Hover over \"Guid Tour\"\ncy.contains(\"Guide Tour\").invoke(\"show\");\n// cy.xpath(\"/html[1]/body[1]/div[1]/div[1]/div[1]/div[2]/div[2]/button[4]\")\n//   .contains(\"Manhattan Day Tour\")\n//   .click({\n//     force: true,\n//   });\n//3. Click \"Manhattan Day Tour\" button\ncy.get(\"li\").contains(\"Manhattan Day Tour\").click({\n  force: true\n});\n//4. Verify Observations button on landing page redirect to NY Big Apple Pass page\ncy.xpath(\"//body/div[@id='root']/div[1]/div[4]/div[1]/div[4]/div[1]/span[1]\").contains(\"Manhattan day\");",
              "err": {},
              "uuid": "4986bc65-8c50-4d5a-b771-7265bb98fe7c",
              "parentUUID": "7a358ca7-4e17-4e0f-a936-754dcc4a55aa",
              "isHook": false,
              "skipped": false
            },
            {
              "title": "Verify 'Cart' button on landing page redirected to 'Cart' page",
              "fullTitle": "Verify 'Landing' page functionalities Verify 'Cart' button on landing page redirected to 'Cart' page",
              "timedOut": null,
              "duration": 356,
              "state": "passed",
              "speed": "fast",
              "pass": true,
              "fail": false,
              "pending": false,
              "context": null,
              "code": "//1. Go to Tamice.com\ncy.visit(Cypress.env(\"url\"));\n//2. Click 'Cart' button\ncy.contains(\"Cart\").click();\n//3. Verify user redirected to 'Cart'page\ncy.url().should(\"include\", \"/cart\");",
              "err": {},
              "uuid": "6d6edd24-7d0b-498c-9134-e9ff7a3b51b8",
              "parentUUID": "7a358ca7-4e17-4e0f-a936-754dcc4a55aa",
              "isHook": false,
              "skipped": false
            },
            {
              "title": "Verify 'Login' button on landing page redirected to 'Login' page",
              "fullTitle": "Verify 'Landing' page functionalities Verify 'Login' button on landing page redirected to 'Login' page",
              "timedOut": null,
              "duration": 330,
              "state": "passed",
              "speed": "fast",
              "pass": true,
              "fail": false,
              "pending": false,
              "context": null,
              "code": "//1. Go to Tamice.com\ncy.visit(Cypress.env(\"url\"));\n//2. Click 'Login' button\ncy.contains(\"Login\").click();\n//3. Verify user redirected to 'Login'page\ncy.url().should(\"include\", \"user/log-in\");",
              "err": {},
              "uuid": "8d9495e4-2b46-480c-a078-dcdb9a662283",
              "parentUUID": "7a358ca7-4e17-4e0f-a936-754dcc4a55aa",
              "isHook": false,
              "skipped": false
            },
            {
              "title": "Verify 'Sign Up' button on landing page redirected to 'Sign Up' page",
              "fullTitle": "Verify 'Landing' page functionalities Verify 'Sign Up' button on landing page redirected to 'Sign Up' page",
              "timedOut": null,
              "duration": 287,
              "state": "passed",
              "speed": "fast",
              "pass": true,
              "fail": false,
              "pending": false,
              "context": null,
              "code": "//1. Go to Tamice.com\ncy.visit(Cypress.env(\"url\"));\n//2. Click 'Sign up' button\ncy.contains(\"Sign Up\").click();\n//3. Verify user redirected to 'Sign up'page\ncy.url().should(\"include\", \"user/sign-up\");",
              "err": {},
              "uuid": "fd82a1a5-9d4d-476f-88c6-f4f7172f9e4a",
              "parentUUID": "7a358ca7-4e17-4e0f-a936-754dcc4a55aa",
              "isHook": false,
              "skipped": false
            },
            {
              "title": "Verify 'Logo' button on landing page redirected to 'Logo' page",
              "fullTitle": "Verify 'Landing' page functionalities Verify 'Logo' button on landing page redirected to 'Logo' page",
              "timedOut": null,
              "duration": 273,
              "state": "passed",
              "speed": "fast",
              "pass": true,
              "fail": false,
              "pending": false,
              "context": null,
              "code": "//1. Go to Tamice.com\ncy.visit(Cypress.env(\"url\"));\n//2. Click Tamice.com logo button\ncy.get(\"img[alt='Tamice logo']\").first().click({\n  force: true\n});\n//3. Verify user redirected to 'Sign up'page\ncy.url().should(\"eq\", \"https://thernlovendev.github.io/ticket-site/#/\");",
              "err": {},
              "uuid": "f965e7a4-1ad4-4fc5-a9c2-eb846d2ab30c",
              "parentUUID": "7a358ca7-4e17-4e0f-a936-754dcc4a55aa",
              "isHook": false,
              "skipped": false
            },
            {
              "title": "Verify 'Contact Us' button on navigation page redirected to 'Contact Us' page",
              "fullTitle": "Verify 'Landing' page functionalities Verify 'Contact Us' button on navigation page redirected to 'Contact Us' page",
              "timedOut": null,
              "duration": 309,
              "state": "passed",
              "speed": "fast",
              "pass": true,
              "fail": false,
              "pending": false,
              "context": null,
              "code": "//1. Go to Tamice.com\ncy.visit(Cypress.env(\"url\"));\n//2. Click \"Contact Us\"\ncy.contains(\"Contact Us\").click();\n//3. Verify Observations button on landing page redirect to NY Big Apple Pass page\ncy.xpath(\"//body/div[@id='root']/div[1]/div[4]/div[1]/div[2]\").contains(\"Contact Us\");\ncy.url().should(\"include\", \"/contact\");",
              "err": {},
              "uuid": "b4b8bea1-6047-4d5b-b7d7-32ae73c555d0",
              "parentUUID": "7a358ca7-4e17-4e0f-a936-754dcc4a55aa",
              "isHook": false,
              "skipped": false
            },
            {
              "title": "Verify user able to land 'My Bookings' page after click 'My booking' button under 'My Account' list",
              "fullTitle": "Verify 'Landing' page functionalities Verify user able to land 'My Bookings' page after click 'My booking' button under 'My Account' list",
              "timedOut": null,
              "duration": 466,
              "state": "passed",
              "speed": "fast",
              "pass": true,
              "fail": false,
              "pending": false,
              "context": null,
              "code": "// 1. Go to Tamice.com\ncy.visit(Cypress.env(\"url\"));\n// 2. Click human icon\ncy.get(\"img[alt='/ticket-site/assets/icons/profile.svg']\").click();\n// 3. Click 'My booking' button under 'My Account' list\ncy.xpath(\"//body/div[@id='root']/div[1]/div[2]/div[2]/div[1]/div[1]/div[1]\").contains(\"My Bookings\").click();\n// 4. Verify user able to land 'My Bookings' page after click 'My Booking' button under 'My Account' lists\ncy.url().should(\"include\", \"/my-bookings\");",
              "err": {},
              "uuid": "a33efe33-83c8-40ed-8885-dd43febcf1d6",
              "parentUUID": "7a358ca7-4e17-4e0f-a936-754dcc4a55aa",
              "isHook": false,
              "skipped": false
            },
            {
              "title": "Verify user able to land 'My Account' page after click 'My Account' button",
              "fullTitle": "Verify 'Landing' page functionalities Verify user able to land 'My Account' page after click 'My Account' button",
              "timedOut": null,
              "duration": 345,
              "state": "passed",
              "speed": "fast",
              "pass": true,
              "fail": false,
              "pending": false,
              "context": null,
              "code": "// 1. Go to Tamice.com\ncy.visit(Cypress.env(\"url\"));\n// 2. Click human icon\ncy.get(\"img[alt='/ticket-site/assets/icons/profile.svg']\").click();\n// 3. Click 'My booking' button under 'My Account' list\ncy.xpath(\"//body/div[@id='root']/div[1]/div[2]/div[2]/div[1]/div[1]/div[1]\").contains(\"My Account\").click();\n// 4. Verify user able to land 'My Account' page after click 'My Account' link\ncy.url().should(\"include\", \"/user/my-account\");",
              "err": {},
              "uuid": "9d7636ea-4b7e-4487-8fdb-6ec0f84ed212",
              "parentUUID": "7a358ca7-4e17-4e0f-a936-754dcc4a55aa",
              "isHook": false,
              "skipped": false
            },
            {
              "title": "Verify sign out functionality",
              "fullTitle": "Verify 'Landing' page functionalities Verify sign out functionality",
              "timedOut": null,
              "duration": 40,
              "state": "passed",
              "speed": "fast",
              "pass": true,
              "fail": false,
              "pending": false,
              "context": null,
              "code": "// 1. Go to Tamice.com\n// 2. Click 'Login/Sign up' button\n// 3. Type valid credential\n// 4. Click 'Login' button\n// 5. Click human icon button\n// 6. Click 'Sign out' button s",
              "err": {},
              "uuid": "a4739e5e-c54c-42fd-905b-87c7d3c52d61",
              "parentUUID": "7a358ca7-4e17-4e0f-a936-754dcc4a55aa",
              "isHook": false,
              "skipped": false
            }
          ],
          "suites": [],
          "passes": [
            "fe8cb370-0fd7-479a-be5b-1ef2d1ed7123",
            "13682592-49e2-44fb-806c-0a6f07fbdc4b",
            "c53c32b4-6e62-4869-ae6a-c4473fff62b8",
            "728d1a60-79bc-457b-9ca5-4d0951699265",
            "d1788e30-ab10-4f66-ad04-4c3d83bf6595",
            "0e2635d2-0c52-4340-9c9e-bcb906f60b25",
            "4986bc65-8c50-4d5a-b771-7265bb98fe7c",
            "6d6edd24-7d0b-498c-9134-e9ff7a3b51b8",
            "8d9495e4-2b46-480c-a078-dcdb9a662283",
            "fd82a1a5-9d4d-476f-88c6-f4f7172f9e4a",
            "f965e7a4-1ad4-4fc5-a9c2-eb846d2ab30c",
            "b4b8bea1-6047-4d5b-b7d7-32ae73c555d0",
            "a33efe33-83c8-40ed-8885-dd43febcf1d6",
            "9d7636ea-4b7e-4487-8fdb-6ec0f84ed212",
            "a4739e5e-c54c-42fd-905b-87c7d3c52d61"
          ],
          "failures": [],
          "pending": [],
          "skipped": [],
          "duration": 5088,
          "root": false,
          "rootEmpty": false,
          "_timeout": 2000
        }
      ],
      "passes": [],
      "failures": [],
      "pending": [],
      "skipped": [],
      "duration": 0,
      "root": true,
      "rootEmpty": true,
      "_timeout": 2000
    }
  ],
  "meta": {
    "mocha": {
      "version": "7.0.1"
    },
    "mochawesome": {
      "options": {
        "quiet": false,
        "reportFilename": "[status]_[datetime]_[name]-report",
        "saveHtml": false,
        "saveJson": true,
        "consoleReporter": "spec",
        "useInlineDiffs": false,
        "code": true
      },
      "version": "7.1.3"
    },
    "marge": {
      "options": {
        "code": true,
        "charts": true,
        "reportDir": "cypress/report/mochawesome-report",
        "reportFilename": "[status]_[datetime]_[name]-report",
        "timestamp": "m/d/yyyy/hTT",
        "overwrite": false,
        "html": false,
        "json": true
      },
      "version": "6.2.0"
    }
  }
}