{
  "stats": {
    "suites": 1,
    "tests": 3,
    "passes": 3,
    "pending": 0,
    "failures": 0,
    "start": "2023-06-23T05:40:32.669Z",
    "end": "2023-06-23T05:40:32.795Z",
    "duration": 126,
    "testsRegistered": 3,
    "passPercent": 100,
    "pendingPercent": 0,
    "other": 0,
    "hasOther": false,
    "skipped": 0,
    "hasSkipped": false
  },
  "results": [
    {
      "uuid": "042c396e-a171-4ce7-ae4e-d43c11a011c3",
      "title": "",
      "fullFile": "cypress/e2e/smokeTest/signuppageTest/signuppageTest.spec.js",
      "file": "cypress/e2e/smokeTest/signuppageTest/signuppageTest.spec.js",
      "beforeHooks": [],
      "afterHooks": [],
      "tests": [],
      "suites": [
        {
          "uuid": "09aaaa4f-26d1-48de-8d53-d6fb26870713",
          "title": "Verify 'Sign up' page functionalities",
          "fullFile": "",
          "file": "",
          "beforeHooks": [],
          "afterHooks": [],
          "tests": [
            {
              "title": "Verify sign up functionality",
              "fullTitle": "Verify 'Sign up' page functionalities Verify sign up functionality",
              "timedOut": null,
              "duration": 46,
              "state": "passed",
              "speed": "fast",
              "pass": true,
              "fail": false,
              "pending": false,
              "context": null,
              "code": "// 1. Go to Tamice.com\n// 2. Click 'Login/Sign Up' button\n// 3. Click 'Don't have an account' button\n// 4. Click 'Create an Account' button from Sign up page\n// 5. Type all valid information\n// 6. Check 'Terms & Conditions'\n// 7. Click 'Sign Up'",
              "err": {},
              "uuid": "1430fd9a-2667-4355-a1bc-472f01b67750",
              "parentUUID": "09aaaa4f-26d1-48de-8d53-d6fb26870713",
              "isHook": false,
              "skipped": false
            },
            {
              "title": "Verify Google sign up functionality",
              "fullTitle": "Verify 'Sign up' page functionalities Verify Google sign up functionality",
              "timedOut": null,
              "duration": 24,
              "state": "passed",
              "speed": "fast",
              "pass": true,
              "fail": false,
              "pending": false,
              "context": null,
              "code": "// 1. Go to Tamice.com\n// 2. Click 'Login/Sign Up' button\n// 3. Click 'Don't have an account' button\n// 4. Click 'Google sign up' button from Sign up page\n// 5. Type all valid information\n// 6. Click 'Sign Up'",
              "err": {},
              "uuid": "dd0f2c06-6964-46d8-b4c1-8e414113d8ba",
              "parentUUID": "09aaaa4f-26d1-48de-8d53-d6fb26870713",
              "isHook": false,
              "skipped": false
            },
            {
              "title": "Verify Naver sign up functionality",
              "fullTitle": "Verify 'Sign up' page functionalities Verify Naver sign up functionality",
              "timedOut": null,
              "duration": 23,
              "state": "passed",
              "speed": "fast",
              "pass": true,
              "fail": false,
              "pending": false,
              "context": null,
              "code": "// 1. Go to Tamice.com\n// 2. Click 'Login/Sign Up' button\n// 3. Click 'Don't have an account' button\n// 4. Click 'Naver sign up' button from Sign up page\n// 5. Type all valid information\n// 6. Click 'Sign Up'",
              "err": {},
              "uuid": "18c90969-626e-441c-a68c-882a735ac0a0",
              "parentUUID": "09aaaa4f-26d1-48de-8d53-d6fb26870713",
              "isHook": false,
              "skipped": false
            }
          ],
          "suites": [],
          "passes": [
            "1430fd9a-2667-4355-a1bc-472f01b67750",
            "dd0f2c06-6964-46d8-b4c1-8e414113d8ba",
            "18c90969-626e-441c-a68c-882a735ac0a0"
          ],
          "failures": [],
          "pending": [],
          "skipped": [],
          "duration": 93,
          "root": false,
          "rootEmpty": false,
          "_timeout": 2000
        }
      ],
      "passes": [],
      "failures": [],
      "pending": [],
      "skipped": [],
      "duration": 0,
      "root": true,
      "rootEmpty": true,
      "_timeout": 2000
    }
  ],
  "meta": {
    "mocha": {
      "version": "7.0.1"
    },
    "mochawesome": {
      "options": {
        "quiet": false,
        "reportFilename": "[status]_[datetime]_[name]-report",
        "saveHtml": false,
        "saveJson": true,
        "consoleReporter": "spec",
        "useInlineDiffs": false,
        "code": true
      },
      "version": "7.1.3"
    },
    "marge": {
      "options": {
        "code": true,
        "charts": true,
        "reportDir": "cypress/report/mochawesome-report",
        "reportFilename": "[status]_[datetime]_[name]-report",
        "timestamp": "m/d/yyyy/hTT",
        "overwrite": false,
        "html": false,
        "json": true
      },
      "version": "6.2.0"
    }
  }
}