{
  "stats": {
    "suites": 1,
    "tests": 4,
    "passes": 4,
    "pending": 0,
    "failures": 0,
    "start": "2023-06-23T05:33:58.464Z",
    "end": "2023-06-23T05:33:58.615Z",
    "duration": 151,
    "testsRegistered": 4,
    "passPercent": 100,
    "pendingPercent": 0,
    "other": 0,
    "hasOther": false,
    "skipped": 0,
    "hasSkipped": false
  },
  "results": [
    {
      "uuid": "eb22129a-14ae-4168-8a14-20554ce467fb",
      "title": "",
      "fullFile": "cypress/e2e/smokeTest/myaccountpageTest/myaccountpageTest.spec.js",
      "file": "cypress/e2e/smokeTest/myaccountpageTest/myaccountpageTest.spec.js",
      "beforeHooks": [],
      "afterHooks": [],
      "tests": [],
      "suites": [
        {
          "uuid": "54b09049-fb48-4127-821e-e18c2baee6e2",
          "title": "Verify 'My Account' page functionalities",
          "fullFile": "",
          "file": "",
          "beforeHooks": [],
          "afterHooks": [],
          "tests": [
            {
              "title": "Verify user able to edit profile",
              "fullTitle": "Verify 'My Account' page functionalities Verify user able to edit profile",
              "timedOut": null,
              "duration": 49,
              "state": "passed",
              "speed": "fast",
              "pass": true,
              "fail": false,
              "pending": false,
              "context": null,
              "code": "// 1. Go to Tamice.com\n// 2. Click human icon\n// 3. Click 'My Account' button under 'My Account' list\n// 4. Click 'edit' button\n// 5. Verify user able to edit profile",
              "err": {},
              "uuid": "bdecbec2-c881-44bd-aa70-0a790a6d2634",
              "parentUUID": "54b09049-fb48-4127-821e-e18c2baee6e2",
              "isHook": false,
              "skipped": false
            },
            {
              "title": "Verify user able to change phone number",
              "fullTitle": "Verify 'My Account' page functionalities Verify user able to change phone number",
              "timedOut": null,
              "duration": 25,
              "state": "passed",
              "speed": "fast",
              "pass": true,
              "fail": false,
              "pending": false,
              "context": null,
              "code": "// 1. Go to Tamice.com\n// 2. Click human icon\n// 3. Click 'My Account' button under 'My Account' list\n// 4. Click 'edit' button\n// 5. Type valid phone number\n// 6. Verify user able to change phone number",
              "err": {},
              "uuid": "55bccf06-6020-4867-8566-8d417747be3e",
              "parentUUID": "54b09049-fb48-4127-821e-e18c2baee6e2",
              "isHook": false,
              "skipped": false
            },
            {
              "title": "Verify user able to change password",
              "fullTitle": "Verify 'My Account' page functionalities Verify user able to change password",
              "timedOut": null,
              "duration": 22,
              "state": "passed",
              "speed": "fast",
              "pass": true,
              "fail": false,
              "pending": false,
              "context": null,
              "code": "// 1. Go to Tamice.com\n// 2. Click human icon\n// 3. Click 'My Account' button under 'My Account' list\n// 4. Click 'edit' button\n// 5. Type valid credential\n// 6. Verify user able to change password",
              "err": {},
              "uuid": "d88b08e5-c331-4569-af3e-5ea82ea71b70",
              "parentUUID": "54b09049-fb48-4127-821e-e18c2baee6e2",
              "isHook": false,
              "skipped": false
            },
            {
              "title": "Verify user able to delete account",
              "fullTitle": "Verify 'My Account' page functionalities Verify user able to delete account",
              "timedOut": null,
              "duration": 24,
              "state": "passed",
              "speed": "fast",
              "pass": true,
              "fail": false,
              "pending": false,
              "context": null,
              "code": "// 1. Go to Tamice.com\n// 2. Click human icon\n// 3. Click 'My Account' button under 'My Account' list\n// 4. Click 'Delete Account'\n// 5. User land delete confirmation page\n// 6. Click 'Delete Account' button\n// 7. Verify user able to delete account",
              "err": {},
              "uuid": "306fa8ff-3603-46e5-bc4b-a29509e3df59",
              "parentUUID": "54b09049-fb48-4127-821e-e18c2baee6e2",
              "isHook": false,
              "skipped": false
            }
          ],
          "suites": [],
          "passes": [
            "bdecbec2-c881-44bd-aa70-0a790a6d2634",
            "55bccf06-6020-4867-8566-8d417747be3e",
            "d88b08e5-c331-4569-af3e-5ea82ea71b70",
            "306fa8ff-3603-46e5-bc4b-a29509e3df59"
          ],
          "failures": [],
          "pending": [],
          "skipped": [],
          "duration": 120,
          "root": false,
          "rootEmpty": false,
          "_timeout": 2000
        }
      ],
      "passes": [],
      "failures": [],
      "pending": [],
      "skipped": [],
      "duration": 0,
      "root": true,
      "rootEmpty": true,
      "_timeout": 2000
    }
  ],
  "meta": {
    "mocha": {
      "version": "7.0.1"
    },
    "mochawesome": {
      "options": {
        "quiet": false,
        "reportFilename": "[status]_[datetime]_[name]-report",
        "saveHtml": false,
        "saveJson": true,
        "consoleReporter": "spec",
        "useInlineDiffs": false,
        "code": true
      },
      "version": "7.1.3"
    },
    "marge": {
      "options": {
        "code": true,
        "charts": true,
        "reportDir": "cypress/report/mochawesome-report",
        "reportFilename": "[status]_[datetime]_[name]-report",
        "timestamp": "m/d/yyyy/hTT",
        "overwrite": false,
        "html": false,
        "json": true
      },
      "version": "6.2.0"
    }
  }
}